********************************************************************************
DUPLICATOR-LITE PACKAGE-LOG: July 28, 2021 8:50 am
NOTICE: Do NOT post to public sites or forums 
********************************************************************************
VERSION:	1.4.2
WORDPRESS:	5.8
PHP INFO:	7.4.20 | SAPI: litespeed
SERVER:		LiteSpeed 
PHP TIME LIMIT: (0) no time limit imposed 
PHP MAX MEMORY: 4294967296 (128M default) 
MEMORY STACK: 2MB

********************************************************************************
DATABASE:
********************************************************************************
BUILD MODE:   MYSQLDUMP
MYSQLTIMEOUT: 5000
MYSQLDUMP:    Is Supported
[PHP ERR][NOTICE] MSG:Only variables should be passed by reference [CODE:8|FILE:/home/mercedes-benzhanoi.com.vn/public_html/wp-content/plugins/duplicator/classes/package/class.pack.database.php|LINE:391]
do_action('wp_ajax_duplicator_package_build'), WP_Hook->do_action, WP_Hook->apply_filters, duplicator_package_build, DUP_Package->runZipBuild, DUP_Database->build, DUP_Database->mysqlDump, DUP_Handler::error, DUP_Handler::getMessage
SQL CREATED: 20210728_mercedesbenzhanoi_9ce1ab355383068c2195_20210728084955_database.sql
SQL FILE SIZE: 11.26MB (11806616)
SQL FILE TIME: 2021-07-28 08:50:12
SQL RUNTIME: 0.49 sec.

********************************************************************************
ARCHIVE (ZIP):
********************************************************************************
ARCHIVE DIR:  /home/mercedes-benzhanoi.com.vn/public_html
ARCHIVE FILE: 20210728_mercedesbenzhanoi_9ce1ab355383068c2195_20210728084955_archive.zip
FILTERS: *OFF*
DIRS:
	not set
FILES:
	not set
EXTS:  not set
----------------------------------------
COMPRESSING
SIZE:	221.77MB
STATS:	Dirs 1,390 | Files 11,837
SQL ADDED: 20210728_mercedesbenzhanoi_9ce1ab355383068c2195_20210728084955_database.sql
ZipArchive Object
(
    [status] => 0
    [statusSys] => 0
    [numFiles] => 13227
    [filename] => /home/mercedes-benzhanoi.com.vn/public_html/wp-content/backups-dup-lite/tmp/20210728_mercedesbenzhanoi_9ce1ab355383068c2195_20210728084955_archive.zip
    [comment] => 
)

FILE ADDED TO ZIP: 13226
COMPRESSION RESULT: '1'
COMPRESSED SIZE: 149.17MB
ARCHIVE RUNTIME: 41.13 sec.
MEMORY STACK: 6MB
building installer
add_extra_files1
add_extra_files2
add_extra_files3
add_extra_files4
Doing archive file check
add_extra_files5
add_extra_files6
add_extra_files8
Successfully opened zip /home/mercedes-benzhanoi.com.vn/public_html/wp-content/backups-dup-lite/tmp/20210728_mercedesbenzhanoi_9ce1ab355383068c2195_20210728084955_archive.zip
Adding enhanced installer files to archive using ZipArchive
Installer files added to archive
Added to archive
After ziparchive close when adding installer

********************************************************************************
INTEGRITY CHECKS:
********************************************************************************
SQL FILE: 11.26MB
INSTALLER FILE: 64.27KB
ARCHIVE FILE: 150.62MB 
EXPECTED FILE/DIRECTORY COUNT: 13,227
ACTUAL FILE/DIRECTORY COUNT: 13,226
ARCHIVE CONSISTENCY TEST: Pass

********************************************************************************
RECORD ID:[1]
TOTAL PROCESS RUNTIME: 44.20 sec.
PEAK PHP MEMORY USED: 8MB
DONE PROCESSING => 20210728_mercedesbenzhanoi July 28, 2021 8:50 am

